TN:
SF:/Users/oscarygutierrezborges/Proyectos Node/tesfrontend/src/polyfills.ts
FNF:0
FNH:0
LF:0
LH:0
BRF:0
BRH:0
end_of_record
TN:
SF:/Users/oscarygutierrezborges/Proyectos Node/tesfrontend/src/test.ts
FNF:0
FNH:0
DA:13,1
DA:18,1
DA:20,1
LF:3
LH:3
BRF:0
BRH:0
end_of_record
TN:
SF:/Users/oscarygutierrezborges/Proyectos Node/tesfrontend/src/app/app.component.ts
FN:3,(anonymous_0)
FNF:1
FNH:1
FNDA:2,(anonymous_0)
DA:8,1
DA:9,2
LF:2
LH:2
BRF:0
BRH:0
end_of_record
TN:
SF:/Users/oscarygutierrezborges/Proyectos Node/tesfrontend/src/app/pages/home/home.component.ts
FN:19,(anonymous_0)
FN:21,(anonymous_1)
FN:22,(anonymous_2)
FN:30,(anonymous_3)
FN:34,(anonymous_4)
FN:35,(anonymous_5)
FN:40,(anonymous_6)
FN:41,(anonymous_7)
FN:46,(anonymous_8)
FN:47,(anonymous_9)
FN:52,(anonymous_10)
FN:55,(anonymous_11)
FN:60,(anonymous_12)
FN:63,(anonymous_13)
FN:68,(anonymous_14)
FN:71,(anonymous_15)
FNF:16
FNH:6
FNDA:1,(anonymous_0)
FNDA:1,(anonymous_1)
FNDA:0,(anonymous_2)
FNDA:1,(anonymous_3)
FNDA:0,(anonymous_4)
FNDA:0,(anonymous_5)
FNDA:0,(anonymous_6)
FNDA:0,(anonymous_7)
FNDA:0,(anonymous_8)
FNDA:0,(anonymous_9)
FNDA:4,(anonymous_10)
FNDA:0,(anonymous_11)
FNDA:0,(anonymous_12)
FNDA:1,(anonymous_13)
FNDA:0,(anonymous_14)
FNDA:1,(anonymous_15)
DA:12,1
DA:14,1
DA:15,1
DA:19,1
DA:22,1
DA:23,0
DA:24,0
DA:25,0
DA:31,1
DA:35,0
DA:36,0
DA:41,0
DA:42,0
DA:47,0
DA:48,0
DA:53,4
DA:56,0
DA:61,0
DA:64,1
DA:69,0
DA:72,1
LF:21
LH:9
BRDA:23,0,0,0
BRDA:23,0,1,0
BRF:2
BRH:0
end_of_record
TN:
SF:/Users/oscarygutierrezborges/Proyectos Node/tesfrontend/src/app/services/product.service.ts
FN:23,(anonymous_0)
FN:27,(anonymous_1)
FN:34,(anonymous_2)
FN:42,(anonymous_3)
FN:45,(anonymous_4)
FN:54,(anonymous_5)
FN:55,(anonymous_6)
FN:62,(anonymous_7)
FN:67,(anonymous_8)
FNF:9
FNH:9
FNDA:5,(anonymous_0)
FNDA:2,(anonymous_1)
FNDA:1,(anonymous_2)
FNDA:1,(anonymous_3)
FNDA:1,(anonymous_4)
FNDA:3,(anonymous_5)
FNDA:1,(anonymous_6)
FNDA:3,(anonymous_7)
FNDA:3,(anonymous_8)
DA:9,1
DA:18,1
DA:19,5
DA:20,5
DA:24,5
DA:28,2
DA:35,1
DA:36,1
DA:43,1
DA:46,1
DA:47,1
DA:55,3
DA:56,1
DA:57,1
DA:58,1
DA:63,3
DA:68,3
LF:17
LH:17
BRDA:54,0,0,0
BRF:1
BRH:0
end_of_record
TN:
SF:/Users/oscarygutierrezborges/Proyectos Node/tesfrontend/src/environments/environment.ts
FNF:0
FNH:0
DA:5,1
LF:1
LH:1
BRF:0
BRH:0
end_of_record
