TN:
SF:/Users/oscarygutierrezborges/Proyectos Node/walmart-test-frontend/src/polyfills.ts
FNF:0
FNH:0
LF:0
LH:0
BRF:0
BRH:0
end_of_record
TN:
SF:/Users/oscarygutierrezborges/Proyectos Node/walmart-test-frontend/src/test.ts
FNF:0
FNH:0
DA:13,1
DA:18,1
DA:20,1
LF:3
LH:3
BRF:0
BRH:0
end_of_record
TN:
SF:/Users/oscarygutierrezborges/Proyectos Node/walmart-test-frontend/src/app/app.component.ts
FN:3,(anonymous_0)
FNF:1
FNH:1
FNDA:2,(anonymous_0)
DA:8,1
DA:9,2
LF:2
LH:2
BRF:0
BRH:0
end_of_record
TN:
SF:/Users/oscarygutierrezborges/Proyectos Node/walmart-test-frontend/src/app/components/filter/filter.component.ts
FN:12,(anonymous_0)
FN:14,(anonymous_1)
FNF:2
FNH:2
FNDA:13,(anonymous_0)
FNDA:13,(anonymous_1)
DA:8,1
DA:10,1
LF:2
LH:2
BRF:0
BRH:0
end_of_record
TN:
SF:/Users/oscarygutierrezborges/Proyectos Node/walmart-test-frontend/src/app/components/header/header.component.ts
FN:14,(anonymous_0)
FN:16,(anonymous_1)
FN:19,(anonymous_2)
FNF:3
FNH:3
FNDA:17,(anonymous_0)
FNDA:15,(anonymous_1)
FNDA:2,(anonymous_2)
DA:8,1
DA:12,17
DA:20,2
DA:21,1
DA:23,1
LF:5
LH:5
BRDA:20,0,0,1
BRDA:20,0,1,1
BRF:2
BRH:2
end_of_record
TN:
SF:/Users/oscarygutierrezborges/Proyectos Node/walmart-test-frontend/src/app/components/legal/legal.component.ts
FN:10,(anonymous_0)
FN:12,(anonymous_1)
FNF:2
FNH:2
FNDA:13,(anonymous_0)
FNDA:13,(anonymous_1)
DA:8,1
LF:1
LH:1
BRF:0
BRH:0
end_of_record
TN:
SF:/Users/oscarygutierrezborges/Proyectos Node/walmart-test-frontend/src/app/components/product/product.component.ts
FN:14,(anonymous_0)
FN:16,(anonymous_1)
FNF:2
FNH:2
FNDA:1,(anonymous_0)
FNDA:1,(anonymous_1)
DA:9,1
DA:12,1
LF:2
LH:2
BRF:0
BRH:0
end_of_record
TN:
SF:/Users/oscarygutierrezborges/Proyectos Node/walmart-test-frontend/src/app/model/discount-info.ts
FN:3,(anonymous_0)
FNF:1
FNH:1
FNDA:2,(anonymous_0)
DA:4,2
DA:5,2
DA:6,2
LF:3
LH:3
BRF:0
BRH:0
end_of_record
TN:
SF:/Users/oscarygutierrezborges/Proyectos Node/walmart-test-frontend/src/app/model/page-response.ts
FN:7,(anonymous_0)
FNF:1
FNH:1
FNDA:1,(anonymous_0)
LF:0
LH:0
BRF:0
BRH:0
end_of_record
TN:
SF:/Users/oscarygutierrezborges/Proyectos Node/walmart-test-frontend/src/app/model/product.ts
FN:5,(anonymous_0)
FNF:1
FNH:1
FNDA:2,(anonymous_0)
DA:6,2
DA:7,2
DA:8,2
DA:9,2
DA:10,2
DA:11,2
LF:6
LH:6
BRF:0
BRH:0
end_of_record
TN:
SF:/Users/oscarygutierrezborges/Proyectos Node/walmart-test-frontend/src/app/pages/home/home.component.ts
FN:19,(anonymous_0)
FN:21,(anonymous_1)
FN:22,(anonymous_2)
FN:29,(anonymous_3)
FN:33,(anonymous_4)
FN:43,(anonymous_5)
FN:47,(anonymous_6)
FN:51,(anonymous_7)
FN:55,(anonymous_8)
FN:58,(anonymous_9)
FN:63,(anonymous_10)
FN:66,(anonymous_11)
FN:71,(anonymous_12)
FN:74,(anonymous_13)
FNF:14
FNH:14
FNDA:12,(anonymous_0)
FNDA:12,(anonymous_1)
FNDA:5,(anonymous_2)
FNDA:11,(anonymous_3)
FNDA:2,(anonymous_4)
FNDA:1,(anonymous_5)
FNDA:2,(anonymous_6)
FNDA:1,(anonymous_7)
FNDA:29,(anonymous_8)
FNDA:4,(anonymous_9)
FNDA:2,(anonymous_10)
FNDA:14,(anonymous_11)
FNDA:2,(anonymous_12)
FNDA:14,(anonymous_13)
DA:11,1
DA:13,12
DA:14,12
DA:19,12
DA:22,12
DA:23,5
DA:24,3
DA:30,11
DA:34,2
DA:35,2
DA:36,1
DA:38,1
DA:44,1
DA:48,2
DA:52,1
DA:56,29
DA:59,4
DA:64,2
DA:67,14
DA:72,2
DA:75,14
LF:21
LH:21
BRDA:23,0,0,3
BRDA:23,0,1,2
BRDA:35,1,0,1
BRDA:35,1,1,1
BRF:4
BRH:4
end_of_record
TN:
SF:/Users/oscarygutierrezborges/Proyectos Node/walmart-test-frontend/src/app/pipes/price.pipe.ts
FN:9,(anonymous_0)
FNF:1
FNH:1
FNDA:2,(anonymous_0)
DA:7,1
DA:10,2
DA:11,1
DA:13,1
LF:4
LH:4
BRDA:10,0,0,1
BRDA:10,0,1,1
BRF:2
BRH:2
end_of_record
TN:
SF:/Users/oscarygutierrezborges/Proyectos Node/walmart-test-frontend/src/app/services/product.service.ts
FN:23,(anonymous_0)
FN:27,(anonymous_1)
FN:34,(anonymous_2)
FN:42,(anonymous_3)
FN:45,(anonymous_4)
FN:54,(anonymous_5)
FN:55,(anonymous_6)
FN:62,(anonymous_7)
FN:67,(anonymous_8)
FNF:9
FNH:9
FNDA:4,(anonymous_0)
FNDA:2,(anonymous_1)
FNDA:1,(anonymous_2)
FNDA:1,(anonymous_3)
FNDA:1,(anonymous_4)
FNDA:3,(anonymous_5)
FNDA:1,(anonymous_6)
FNDA:3,(anonymous_7)
FNDA:3,(anonymous_8)
DA:9,1
DA:18,1
DA:19,4
DA:20,4
DA:24,4
DA:28,2
DA:35,1
DA:36,1
DA:43,1
DA:46,1
DA:47,1
DA:55,3
DA:56,1
DA:57,1
DA:58,1
DA:63,3
DA:68,3
LF:17
LH:17
BRDA:54,0,0,0
BRF:1
BRH:0
end_of_record
TN:
SF:/Users/oscarygutierrezborges/Proyectos Node/walmart-test-frontend/src/environments/environment.ts
FNF:0
FNH:0
DA:5,1
LF:1
LH:1
BRF:0
BRH:0
end_of_record
